2020-09-25 18:02:47,381 - LogInfo - get ip list
2020-09-25 18:02:47,382 - LogInfo - start nmap scan service...
2020-09-25 18:03:08,930 - LogInfo - get ip list
2020-09-25 18:03:08,931 - LogInfo - start nmap scan service...
2020-09-25 18:04:05,417 - LogInfo - get ip list
2020-09-25 18:04:05,418 - LogInfo - start nmap scan service...
2020-09-25 18:07:47,881 - LogInfo - get ip list
2020-09-25 18:07:47,882 - LogInfo - start nmap scan service...
2020-09-25 18:08:47,716 - LogInfo - get ip list
2020-09-25 18:08:47,717 - LogInfo - start nmap scan service...
2020-09-25 18:12:34,820 - LogInfo - get ip list
2020-09-25 18:12:34,820 - LogInfo - start nmap scan service...
2020-09-25 18:14:35,476 - LogInfo - get ip list
2020-09-25 18:14:35,476 - LogInfo - start nmap scan service...
2020-09-25 18:25:01,405 - LogInfo - get ip list
2020-09-25 18:25:01,406 - LogInfo - start nmap scan service...
2020-09-25 18:25:22,474 - LogInfo - get ip list
2020-09-25 18:25:22,474 - LogInfo - start nmap scan service...
2020-09-25 18:25:55,510 - LogInfo - get ip list
2020-09-25 18:25:55,510 - LogInfo - start nmap scan service...
2020-09-25 18:26:08,868 - LogInfo - get ip list
2020-09-25 18:26:08,868 - LogInfo - start nmap scan service...
2020-09-25 18:26:56,647 - LogInfo - get ip list
2020-09-25 18:26:56,647 - LogInfo - start nmap scan service...
2020-09-25 18:28:40,571 - LogInfo - get ip list
2020-09-25 18:28:40,571 - LogInfo - start nmap scan service...
2020-09-25 18:28:50,614 - LogInfo - get ip list
2020-09-25 18:28:50,614 - LogInfo - start nmap scan service...
2020-09-25 18:30:18,960 - LogInfo - get ip list
2020-09-25 18:30:18,960 - LogInfo - start nmap scan service...
2020-09-25 18:30:34,522 - LogInfo - get ip list
2020-09-25 18:30:34,523 - LogInfo - start nmap scan service...
2020-09-25 18:30:39,883 - LogInfo - get ip list
2020-09-25 18:30:39,883 - LogInfo - start nmap scan service...
2020-09-25 18:30:46,502 - LogInfo - get ip list
2020-09-25 18:30:46,502 - LogInfo - start nmap scan service...
2020-09-25 18:30:46,931 - LogInfo - finsh nmap scan.
2020-09-25 18:30:46,931 - LogInfo - compare with the last result
2020-09-25 18:30:46,931 - LogInfo - generate the result file
2020-09-25 18:31:27,443 - LogInfo - get ip list
2020-09-25 18:31:27,444 - LogInfo - start nmap scan service...
2020-09-25 18:32:57,870 - LogInfo - get ip list
2020-09-25 18:32:57,871 - LogInfo - start nmap scan service...
2020-09-25 18:33:01,488 - LogInfo - finsh nmap scan.
2020-09-25 18:33:01,488 - LogInfo - compare with the last result
2020-09-25 18:33:01,488 - LogInfo - generate the result file
2020-09-25 18:33:01,495 - LogInfo - generate the result file /Users/zyc/Downloads/PublicMonitors-master/out/2020-09-25.xls
2020-09-25 18:33:01,495 - LogInfo - generate the result file /Users/zyc/Downloads/PublicMonitors-master/out/2020-09-25.xls
